Mantoto4Android/build/outputs/logs/manifest-merger-debug-report.txt
-- Merging decision tree log ---
manifest
ADDED from Mantoto-AndroidStudio\Mantoto4Android\AndroidManifest.xml:2:1-852:12
	package
		ADDED from Mantoto-AndroidStudio\Mantoto4Android\AndroidManifest.xml:3:5-35
	android:versionName
		ADDED from Mantoto-AndroidStudio\Mantoto4Android\AndroidManifest.xml:5:5-32
		INJECTED from Mantoto-AndroidStudio\Mantoto4Android\AndroidManifest.xml
		INJECTED from Mantoto-AndroidStudio\Mantoto4Android\AndroidManifest.xml
	android:versionCode
		ADDED from Mantoto-AndroidStudio\Mantoto4Android\AndroidManifest.xml:4:5-29
		INJECTED from Mantoto-AndroidStudio\Mantoto4Android\AndroidManifest.xml
		INJECTED from Mantoto-AndroidStudio\Mantoto4Android\AndroidManifest.xml
	xmlns:android
		ADDED from Mantoto-AndroidStudio\Mantoto4Android\AndroidManifest.xml:2:11-69
uses-sdk
ADDED from Mantoto-AndroidStudio\Mantoto4Android\AndroidManifest.xml:7:5-44
MERGED from [com.android.support:recyclerview-v7:24.2.0] AndroidManifest.xml:20:5-43
MERGED from [com.android.support:support-compat:24.2.0] AndroidManifest.xml:21:5-23:58
MERGED from [com.android.support:support-core-ui:24.2.0] AndroidManifest.xml:21:5-23:58
MERGED from [com.android.support:support-compat:24.2.0] AndroidManifest.xml:21:5-23:58
MERGED from [com.android.support:support-v4:24.2.0] AndroidManifest.xml:21:5-23:54
MERGED from [com.android.support:support-compat:24.2.0] AndroidManifest.xml:21:5-23:58
MERGED from [com.android.support:support-core-utils:24.2.0] AndroidManifest.xml:21:5-23:61
MERGED from [com.android.support:support-compat:24.2.0] AndroidManifest.xml:21:5-23:58
MERGED from [com.android.support:support-media-compat:24.2.0] AndroidManifest.xml:21:5-23:63
MERGED from [com.android.support:support-compat:24.2.0] AndroidManifest.xml:21:5-23:58
MERGED from [com.android.support:support-core-ui:24.2.0] AndroidManifest.xml:21:5-23:58
MERGED from [com.android.support:support-compat:24.2.0] AndroidManifest.xml:21:5-23:58
MERGED from [com.android.support:support-fragment:24.2.0] AndroidManifest.xml:21:5-23:60
MERGED from [com.android.support:support-compat:24.2.0] AndroidManifest.xml:21:5-23:58
MERGED from [com.android.support:support-core-utils:24.2.0] AndroidManifest.xml:21:5-23:61
MERGED from [com.android.support:support-compat:24.2.0] AndroidManifest.xml:21:5-23:58
MERGED from [com.android.support:support-media-compat:24.2.0] AndroidManifest.xml:21:5-23:63
MERGED from [com.android.support:support-compat:24.2.0] AndroidManifest.xml:21:5-23:58
MERGED from [com.android.support:support-core-ui:24.2.0] AndroidManifest.xml:21:5-23:58
MERGED from [com.android.support:support-compat:24.2.0] AndroidManifest.xml:21:5-23:58
MERGED from [com.android.support:appcompat-v7:24.2.0] AndroidManifest.xml:21:5-23:78
MERGED from [com.android.support:support-vector-drawable:24.2.0] AndroidManifest.xml:21:5-43
MERGED from [com.android.support:support-compat:24.2.0] AndroidManifest.xml:21:5-23:58
MERGED from [com.android.support:animated-vector-drawable:24.2.0] AndroidManifest.xml:20:5-44
MERGED from [com.android.support:support-vector-drawable:24.2.0] AndroidManifest.xml:21:5-43
MERGED from [com.android.support:support-compat:24.2.0] AndroidManifest.xml:21:5-23:58
MERGED from [com.android.support:support-v4:24.2.0] AndroidManifest.xml:21:5-23:54
MERGED from [com.android.support:support-compat:24.2.0] AndroidManifest.xml:21:5-23:58
MERGED from [com.android.support:support-core-utils:24.2.0] AndroidManifest.xml:21:5-23:61
MERGED from [com.android.support:support-compat:24.2.0] AndroidManifest.xml:21:5-23:58
MERGED from [com.android.support:support-media-compat:24.2.0] AndroidManifest.xml:21:5-23:63
MERGED from [com.android.support:support-compat:24.2.0] AndroidManifest.xml:21:5-23:58
MERGED from [com.android.support:support-core-ui:24.2.0] AndroidManifest.xml:21:5-23:58
MERGED from [com.android.support:support-compat:24.2.0] AndroidManifest.xml:21:5-23:58
MERGED from [com.android.support:support-fragment:24.2.0] AndroidManifest.xml:21:5-23:60
MERGED from [com.android.support:support-compat:24.2.0] AndroidManifest.xml:21:5-23:58
MERGED from [com.android.support:support-core-utils:24.2.0] AndroidManifest.xml:21:5-23:61
MERGED from [com.android.support:support-compat:24.2.0] AndroidManifest.xml:21:5-23:58
MERGED from [com.android.support:support-media-compat:24.2.0] AndroidManifest.xml:21:5-23:63
MERGED from [com.android.support:support-compat:24.2.0] AndroidManifest.xml:21:5-23:58
MERGED from [com.android.support:support-core-ui:24.2.0] AndroidManifest.xml:21:5-23:58
MERGED from [com.android.support:support-compat:24.2.0] AndroidManifest.xml:21:5-23:58
MERGED from [Mantoto-AndroidStudio:ViewPagerIndicator:unspecified] AndroidManifest.xml:7:5-9:40
MERGED from [com.android.support:support-v4:24.2.0] AndroidManifest.xml:21:5-23:54
MERGED from [com.android.support:support-compat:24.2.0] AndroidManifest.xml:21:5-23:58
MERGED from [com.android.support:support-core-utils:24.2.0] AndroidManifest.xml:21:5-23:61
MERGED from [com.android.support:support-compat:24.2.0] AndroidManifest.xml:21:5-23:58
MERGED from [com.android.support:support-media-compat:24.2.0] AndroidManifest.xml:21:5-23:63
MERGED from [com.android.support:support-compat:24.2.0] AndroidManifest.xml:21:5-23:58
MERGED from [com.android.support:support-core-ui:24.2.0] AndroidManifest.xml:21:5-23:58
MERGED from [com.android.support:support-compat:24.2.0] AndroidManifest.xml:21:5-23:58
MERGED from [com.android.support:support-fragment:24.2.0] AndroidManifest.xml:21:5-23:60
MERGED from [com.android.support:support-compat:24.2.0] AndroidManifest.xml:21:5-23:58
MERGED from [com.android.support:support-core-utils:24.2.0] AndroidManifest.xml:21:5-23:61
MERGED from [com.android.support:support-compat:24.2.0] AndroidManifest.xml:21:5-23:58
MERGED from [com.android.support:support-media-compat:24.2.0] AndroidManifest.xml:21:5-23:63
MERGED from [com.android.support:support-compat:24.2.0] AndroidManifest.xml:21:5-23:58
MERGED from [com.android.support:support-core-ui:24.2.0] AndroidManifest.xml:21:5-23:58
MERGED from [com.android.support:support-compat:24.2.0] AndroidManifest.xml:21:5-23:58
	tools:overrideLibrary
		ADDED from [com.android.support:support-compat:24.2.0] AndroidManifest.xml:23:9-55
	android:targetSdkVersion
		ADDED from [Mantoto-AndroidStudio:ViewPagerIndicator:unspecified] AndroidManifest.xml:9:9-37
	android:minSdkVersion
		ADDED from Mantoto-AndroidStudio\Mantoto4Android\AndroidManifest.xml:7:15-41
uses-permission#android.permission.INTERNET
ADDED from Mantoto-AndroidStudio\Mantoto4Android\AndroidManifest.xml:9:5-67
	android:name
		ADDED from Mantoto-AndroidStudio\Mantoto4Android\AndroidManifest.xml:9:22-64
uses-permission#android.permission.MODIFY_AUDIO_SETTINGS
ADDED from Mantoto-AndroidStudio\Mantoto4Android\AndroidManifest.xml:10:5-80
	android:name
		ADDED from Mantoto-AndroidStudio\Mantoto4Android\AndroidManifest.xml:10:22-77
uses-permission#android.permission.WRITE_EXTERNAL_STORAGE
ADDED from Mantoto-AndroidStudio\Mantoto4Android\AndroidManifest.xml:11:5-81
	android:name
		ADDED from Mantoto-AndroidStudio\Mantoto4Android\AndroidManifest.xml:11:22-78
uses-permission#android.permission.ACCESS_NETWORK_STATE
ADDED from Mantoto-AndroidStudio\Mantoto4Android\AndroidManifest.xml:14:5-79
	android:name
		ADDED from Mantoto-AndroidStudio\Mantoto4Android\AndroidManifest.xml:14:22-76
uses-permission#android.permission.ACCESS_WIFI_STATE
ADDED from Mantoto-AndroidStudio\Mantoto4Android\AndroidManifest.xml:20:5-76
	android:name
		ADDED from Mantoto-AndroidStudio\Mantoto4Android\AndroidManifest.xml:20:22-73
uses-permission#android.permission.CHANGE_NETWORK_STATE
ADDED from Mantoto-AndroidStudio\Mantoto4Android\AndroidManifest.xml:21:5-79
	android:name
		ADDED from Mantoto-AndroidStudio\Mantoto4Android\AndroidManifest.xml:21:22-76
uses-permission#android.permission.CHANGE_WIFI_STATE
ADDED from Mantoto-AndroidStudio\Mantoto4Android\AndroidManifest.xml:22:5-76
	android:name
		ADDED from Mantoto-AndroidStudio\Mantoto4Android\AndroidManifest.xml:22:22-73
uses-permission#android.permission.READ_PHONE_STATE
ADDED from Mantoto-AndroidStudio\Mantoto4Android\AndroidManifest.xml:23:5-75
	android:name
		ADDED from Mantoto-AndroidStudio\Mantoto4Android\AndroidManifest.xml:23:22-72
uses-permission#android.permission.WAKE_LOCK
ADDED from Mantoto-AndroidStudio\Mantoto4Android\AndroidManifest.xml:25:5-68
	android:name
		ADDED from Mantoto-AndroidStudio\Mantoto4Android\AndroidManifest.xml:25:22-65
uses-permission#android.permission.VIBRATE
ADDED from Mantoto-AndroidStudio\Mantoto4Android\AndroidManifest.xml:26:5-66
	android:name
		ADDED from Mantoto-AndroidStudio\Mantoto4Android\AndroidManifest.xml:26:22-63
uses-permission#android.permission.WRITE_SETTINGS
ADDED from Mantoto-AndroidStudio\Mantoto4Android\AndroidManifest.xml:27:5-73
	android:name
		ADDED from Mantoto-AndroidStudio\Mantoto4Android\AndroidManifest.xml:27:22-70
uses-permission#android.permission.RECEIVE_BOOT_COMPLETED
ADDED from Mantoto-AndroidStudio\Mantoto4Android\AndroidManifest.xml:28:5-81
	android:name
		ADDED from Mantoto-AndroidStudio\Mantoto4Android\AndroidManifest.xml:28:22-78
uses-permission#android.permission.BROADCAST_PACKAGE_ADDED
ADDED from Mantoto-AndroidStudio\Mantoto4Android\AndroidManifest.xml:31:5-82
	android:name
		ADDED from Mantoto-AndroidStudio\Mantoto4Android\AndroidManifest.xml:31:22-79
uses-permission#android.permission.BROADCAST_PACKAGE_CHANGED
ADDED from Mantoto-AndroidStudio\Mantoto4Android\AndroidManifest.xml:32:5-84
	android:name
		ADDED from Mantoto-AndroidStudio\Mantoto4Android\AndroidManifest.xml:32:22-81
uses-permission#android.permission.BROADCAST_PACKAGE_INSTALL
ADDED from Mantoto-AndroidStudio\Mantoto4Android\AndroidManifest.xml:33:5-84
	android:name
		ADDED from Mantoto-AndroidStudio\Mantoto4Android\AndroidManifest.xml:33:22-81
uses-permission#android.permission.BROADCAST_PACKAGE_REPLACED
ADDED from Mantoto-AndroidStudio\Mantoto4Android\AndroidManifest.xml:34:5-85
	android:name
		ADDED from Mantoto-AndroidStudio\Mantoto4Android\AndroidManifest.xml:34:22-82
uses-permission#android.permission.RESTART_PACKAGES
ADDED from Mantoto-AndroidStudio\Mantoto4Android\AndroidManifest.xml:35:5-75
	android:name
		ADDED from Mantoto-AndroidStudio\Mantoto4Android\AndroidManifest.xml:35:22-72
uses-permission#android.permission.GET_ACCOUNTS
ADDED from Mantoto-AndroidStudio\Mantoto4Android\AndroidManifest.xml:36:5-71
	android:name
		ADDED from Mantoto-AndroidStudio\Mantoto4Android\AndroidManifest.xml:36:22-68
uses-permission#android.permission.MOUNT_UNMOUNT_FILESYSTEMS
ADDED from Mantoto-AndroidStudio\Mantoto4Android\AndroidManifest.xml:51:5-84
	android:name
		ADDED from Mantoto-AndroidStudio\Mantoto4Android\AndroidManifest.xml:51:22-81
uses-permission#android.permission.CALL_PHONE
ADDED from Mantoto-AndroidStudio\Mantoto4Android\AndroidManifest.xml:53:5-69
	android:name
		ADDED from Mantoto-AndroidStudio\Mantoto4Android\AndroidManifest.xml:53:22-66
permission#android.permission.ACCESS_COARSE_LOCATION
ADDED from Mantoto-AndroidStudio\Mantoto4Android\AndroidManifest.xml:55:5-76
	android:name
		ADDED from Mantoto-AndroidStudio\Mantoto4Android\AndroidManifest.xml:55:17-73
uses-permission#android.permission.ACCESS_COARSE_LOCATION
ADDED from Mantoto-AndroidStudio\Mantoto4Android\AndroidManifest.xml:57:5-81
	android:name
		ADDED from Mantoto-AndroidStudio\Mantoto4Android\AndroidManifest.xml:57:22-78
uses-permission#android.permission.ACCESS_FINE_LOCATION
ADDED from Mantoto-AndroidStudio\Mantoto4Android\AndroidManifest.xml:58:5-79
	android:name
		ADDED from Mantoto-AndroidStudio\Mantoto4Android\AndroidManifest.xml:58:22-76
uses-permission#android.permission.READ_LOGS
ADDED from Mantoto-AndroidStudio\Mantoto4Android\AndroidManifest.xml:66:5-68
	android:name
		ADDED from Mantoto-AndroidStudio\Mantoto4Android\AndroidManifest.xml:66:22-65
uses-permission#android.permission.CAMERA
ADDED from Mantoto-AndroidStudio\Mantoto4Android\AndroidManifest.xml:70:5-65
	android:name
		ADDED from Mantoto-AndroidStudio\Mantoto4Android\AndroidManifest.xml:70:22-62
uses-feature#android.hardware.camera
ADDED from Mantoto-AndroidStudio\Mantoto4Android\AndroidManifest.xml:72:5-60
	android:name
		ADDED from Mantoto-AndroidStudio\Mantoto4Android\AndroidManifest.xml:72:19-57
uses-feature#android.hardware.camera.autofocus
ADDED from Mantoto-AndroidStudio\Mantoto4Android\AndroidManifest.xml:73:5-70
	android:name
		ADDED from Mantoto-AndroidStudio\Mantoto4Android\AndroidManifest.xml:73:19-67
uses-permission#android.permission.CHANGE_CONFIGURATION
ADDED from Mantoto-AndroidStudio\Mantoto4Android\AndroidManifest.xml:86:5-79
	android:name
		ADDED from Mantoto-AndroidStudio\Mantoto4Android\AndroidManifest.xml:86:22-76
uses-permission#android.permission.ACCESS_LOCATION_EXTRA_COMMANDS
ADDED from Mantoto-AndroidStudio\Mantoto4Android\AndroidManifest.xml:90:5-89
	android:name
		ADDED from Mantoto-AndroidStudio\Mantoto4Android\AndroidManifest.xml:90:22-86
uses-permission#android.permission.GET_TASKS
ADDED from Mantoto-AndroidStudio\Mantoto4Android\AndroidManifest.xml:100:5-68
	android:name
		ADDED from Mantoto-AndroidStudio\Mantoto4Android\AndroidManifest.xml:100:22-65
uses-permission#android.permission.RECEIVE_SMS
ADDED from Mantoto-AndroidStudio\Mantoto4Android\AndroidManifest.xml:107:5-70
	android:name
		ADDED from Mantoto-AndroidStudio\Mantoto4Android\AndroidManifest.xml:107:22-67
uses-permission#android.permission.READ_EXTERNAL_STORAGE
ADDED from Mantoto-AndroidStudio\Mantoto4Android\AndroidManifest.xml:110:5-80
	android:name
		ADDED from Mantoto-AndroidStudio\Mantoto4Android\AndroidManifest.xml:110:22-77
application
ADDED from Mantoto-AndroidStudio\Mantoto4Android\AndroidManifest.xml:112:5-850:19
MERGED from [com.android.support:support-compat:24.2.0] AndroidManifest.xml:25:5-20
MERGED from [com.android.support:support-core-ui:24.2.0] AndroidManifest.xml:25:5-20
MERGED from [com.android.support:support-compat:24.2.0] AndroidManifest.xml:25:5-20
MERGED from [com.android.support:support-v4:24.2.0] AndroidManifest.xml:25:5-20
MERGED from [com.android.support:support-compat:24.2.0] AndroidManifest.xml:25:5-20
MERGED from [com.android.support:support-core-utils:24.2.0] AndroidManifest.xml:25:5-20
MERGED from [com.android.support:support-compat:24.2.0] AndroidManifest.xml:25:5-20
MERGED from [com.android.support:support-media-compat:24.2.0] AndroidManifest.xml:25:5-20
MERGED from [com.android.support:support-compat:24.2.0] AndroidManifest.xml:25:5-20
MERGED from [com.android.support:support-core-ui:24.2.0] AndroidManifest.xml:25:5-20
MERGED from [com.android.support:support-compat:24.2.0] AndroidManifest.xml:25:5-20
MERGED from [com.android.support:support-fragment:24.2.0] AndroidManifest.xml:25:5-20
MERGED from [com.android.support:support-compat:24.2.0] AndroidManifest.xml:25:5-20
MERGED from [com.android.support:support-core-utils:24.2.0] AndroidManifest.xml:25:5-20
MERGED from [com.android.support:support-compat:24.2.0] AndroidManifest.xml:25:5-20
MERGED from [com.android.support:support-media-compat:24.2.0] AndroidManifest.xml:25:5-20
MERGED from [com.android.support:support-compat:24.2.0] AndroidManifest.xml:25:5-20
MERGED from [com.android.support:support-core-ui:24.2.0] AndroidManifest.xml:25:5-20
MERGED from [com.android.support:support-compat:24.2.0] AndroidManifest.xml:25:5-20
MERGED from [com.android.support:appcompat-v7:24.2.0] AndroidManifest.xml:25:5-20
MERGED from [com.android.support:support-vector-drawable:24.2.0] AndroidManifest.xml:23:5-20
MERGED from [com.android.support:support-compat:24.2.0] AndroidManifest.xml:25:5-20
MERGED from [com.android.support:animated-vector-drawable:24.2.0] AndroidManifest.xml:22:5-20
MERGED from [com.android.support:support-vector-drawable:24.2.0] AndroidManifest.xml:23:5-20
MERGED from [com.android.support:support-compat:24.2.0] AndroidManifest.xml:25:5-20
MERGED from [com.android.support:support-v4:24.2.0] AndroidManifest.xml:25:5-20
MERGED from [com.android.support:support-compat:24.2.0] AndroidManifest.xml:25:5-20
MERGED from [com.android.support:support-core-utils:24.2.0] AndroidManifest.xml:25:5-20
MERGED from [com.android.support:support-compat:24.2.0] AndroidManifest.xml:25:5-20
MERGED from [com.android.support:support-media-compat:24.2.0] AndroidManifest.xml:25:5-20
MERGED from [com.android.support:support-compat:24.2.0] AndroidManifest.xml:25:5-20
MERGED from [com.android.support:support-core-ui:24.2.0] AndroidManifest.xml:25:5-20
MERGED from [com.android.support:support-compat:24.2.0] AndroidManifest.xml:25:5-20
MERGED from [com.android.support:support-fragment:24.2.0] AndroidManifest.xml:25:5-20
MERGED from [com.android.support:support-compat:24.2.0] AndroidManifest.xml:25:5-20
MERGED from [com.android.support:support-core-utils:24.2.0] AndroidManifest.xml:25:5-20
MERGED from [com.android.support:support-compat:24.2.0] AndroidManifest.xml:25:5-20
MERGED from [com.android.support:support-media-compat:24.2.0] AndroidManifest.xml:25:5-20
MERGED from [com.android.support:support-compat:24.2.0] AndroidManifest.xml:25:5-20
MERGED from [com.android.support:support-core-ui:24.2.0] AndroidManifest.xml:25:5-20
MERGED from [com.android.support:support-compat:24.2.0] AndroidManifest.xml:25:5-20
MERGED from [com.android.support:support-v4:24.2.0] AndroidManifest.xml:25:5-20
MERGED from [com.android.support:support-compat:24.2.0] AndroidManifest.xml:25:5-20
MERGED from [com.android.support:support-core-utils:24.2.0] AndroidManifest.xml:25:5-20
MERGED from [com.android.support:support-compat:24.2.0] AndroidManifest.xml:25:5-20
MERGED from [com.android.support:support-media-compat:24.2.0] AndroidManifest.xml:25:5-20
MERGED from [com.android.support:support-compat:24.2.0] AndroidManifest.xml:25:5-20
MERGED from [com.android.support:support-core-ui:24.2.0] AndroidManifest.xml:25:5-20
MERGED from [com.android.support:support-compat:24.2.0] AndroidManifest.xml:25:5-20
MERGED from [com.android.support:support-fragment:24.2.0] AndroidManifest.xml:25:5-20
MERGED from [com.android.support:support-compat:24.2.0] AndroidManifest.xml:25:5-20
MERGED from [com.android.support:support-core-utils:24.2.0] AndroidManifest.xml:25:5-20
MERGED from [com.android.support:support-compat:24.2.0] AndroidManifest.xml:25:5-20
MERGED from [com.android.support:support-media-compat:24.2.0] AndroidManifest.xml:25:5-20
MERGED from [com.android.support:support-compat:24.2.0] AndroidManifest.xml:25:5-20
MERGED from [com.android.support:support-core-ui:24.2.0] AndroidManifest.xml:25:5-20
MERGED from [com.android.support:support-compat:24.2.0] AndroidManifest.xml:25:5-20
	android:label
		ADDED from Mantoto-AndroidStudio\Mantoto4Android\AndroidManifest.xml:115:9-41
	android:icon
		ADDED from Mantoto-AndroidStudio\Mantoto4Android\AndroidManifest.xml:114:9-38
	android:persistent
		ADDED from Mantoto-AndroidStudio\Mantoto4Android\AndroidManifest.xml:116:9-34
	android:theme
		ADDED from Mantoto-AndroidStudio\Mantoto4Android\AndroidManifest.xml:117:9-56
	android:name
		ADDED from Mantoto-AndroidStudio\Mantoto4Android\AndroidManifest.xml:113:9-69
meta-data#com.baidu.lbsapi.API_KEY
ADDED from Mantoto-AndroidStudio\Mantoto4Android\AndroidManifest.xml:118:9-120:56
	android:value
		ADDED from Mantoto-AndroidStudio\Mantoto4Android\AndroidManifest.xml:120:13-53
	android:name
		ADDED from Mantoto-AndroidStudio\Mantoto4Android\AndroidManifest.xml:119:13-52
meta-data#com.amap.api.v2.apikey
ADDED from Mantoto-AndroidStudio\Mantoto4Android\AndroidManifest.xml:124:9-126:64
	android:value
		ADDED from Mantoto-AndroidStudio\Mantoto4Android\AndroidManifest.xml:126:13-61
	android:name
		ADDED from Mantoto-AndroidStudio\Mantoto4Android\AndroidManifest.xml:125:13-50
meta-data#UMENG_MESSAGE_SECRET
ADDED from Mantoto-AndroidStudio\Mantoto4Android\AndroidManifest.xml:131:9-133:64
	android:value
		ADDED from Mantoto-AndroidStudio\Mantoto4Android\AndroidManifest.xml:133:13-61
	android:name
		ADDED from Mantoto-AndroidStudio\Mantoto4Android\AndroidManifest.xml:132:13-48
meta-data#UMENG_APPKEY
ADDED from Mantoto-AndroidStudio\Mantoto4Android\AndroidManifest.xml:135:9-137:56
	android:value
		ADDED from Mantoto-AndroidStudio\Mantoto4Android\AndroidManifest.xml:137:13-53
	android:name
		ADDED from Mantoto-AndroidStudio\Mantoto4Android\AndroidManifest.xml:136:13-40
meta-data#UMENG_CHANNEL
ADDED from Mantoto-AndroidStudio\Mantoto4Android\AndroidManifest.xml:138:9-140:42
	android:value
		ADDED from Mantoto-AndroidStudio\Mantoto4Android\AndroidManifest.xml:140:13-39
	android:name
		ADDED from Mantoto-AndroidStudio\Mantoto4Android\AndroidManifest.xml:139:13-41
service#com.umeng.update.net.DownloadingService
ADDED from Mantoto-AndroidStudio\Mantoto4Android\AndroidManifest.xml:146:9-148:53
	android:process
		ADDED from Mantoto-AndroidStudio\Mantoto4Android\AndroidManifest.xml:148:13-50
	android:name
		ADDED from Mantoto-AndroidStudio\Mantoto4Android\AndroidManifest.xml:147:13-67
activity#com.umeng.update.UpdateDialogActivity
ADDED from Mantoto-AndroidStudio\Mantoto4Android\AndroidManifest.xml:150:9-152:75
	android:theme
		ADDED from Mantoto-AndroidStudio\Mantoto4Android\AndroidManifest.xml:152:13-72
	android:name
		ADDED from Mantoto-AndroidStudio\Mantoto4Android\AndroidManifest.xml:151:13-65
receiver#com.umeng.message.NotificationProxyBroadcastReceiver
ADDED from Mantoto-AndroidStudio\Mantoto4Android\AndroidManifest.xml:156:9-158:40
	android:exported
		ADDED from Mantoto-AndroidStudio\Mantoto4Android\AndroidManifest.xml:158:13-37
	android:name
		ADDED from Mantoto-AndroidStudio\Mantoto4Android\AndroidManifest.xml:157:13-80
receiver#com.umeng.message.SystemReceiver
ADDED from Mantoto-AndroidStudio\Mantoto4Android\AndroidManifest.xml:161:9-175:20
	android:process
		ADDED from Mantoto-AndroidStudio\Mantoto4Android\AndroidManifest.xml:163:13-36
	android:name
		ADDED from Mantoto-AndroidStudio\Mantoto4Android\AndroidManifest.xml:162:13-60
intent-filter#android.intent.action.BOOT_COMPLETED
ADDED from Mantoto-AndroidStudio\Mantoto4Android\AndroidManifest.xml:164:13-166:29
action#android.intent.action.BOOT_COMPLETED
ADDED from Mantoto-AndroidStudio\Mantoto4Android\AndroidManifest.xml:165:17-79
	android:name
		ADDED from Mantoto-AndroidStudio\Mantoto4Android\AndroidManifest.xml:165:25-76
intent-filter#android.net.conn.CONNECTIVITY_CHANGE
ADDED from Mantoto-AndroidStudio\Mantoto4Android\AndroidManifest.xml:167:13-169:29
action#android.net.conn.CONNECTIVITY_CHANGE
ADDED from Mantoto-AndroidStudio\Mantoto4Android\AndroidManifest.xml:168:17-79
	android:name
		ADDED from Mantoto-AndroidStudio\Mantoto4Android\AndroidManifest.xml:168:25-76
intent-filter#android.intent.action.PACKAGE_REMOVED
ADDED from Mantoto-AndroidStudio\Mantoto4Android\AndroidManifest.xml:170:13-174:29
action#android.intent.action.PACKAGE_REMOVED
ADDED from Mantoto-AndroidStudio\Mantoto4Android\AndroidManifest.xml:171:17-80
	android:name
		ADDED from Mantoto-AndroidStudio\Mantoto4Android\AndroidManifest.xml:171:25-77
data
ADDED from Mantoto-AndroidStudio\Mantoto4Android\AndroidManifest.xml:173:17-50
	android:scheme
		ADDED from Mantoto-AndroidStudio\Mantoto4Android\AndroidManifest.xml:173:23-47
receiver#com.umeng.message.MessageReceiver
ADDED from Mantoto-AndroidStudio\Mantoto4Android\AndroidManifest.xml:178:9-185:20
	android:process
		ADDED from Mantoto-AndroidStudio\Mantoto4Android\AndroidManifest.xml:181:13-36
	android:exported
		ADDED from Mantoto-AndroidStudio\Mantoto4Android\AndroidManifest.xml:180:13-37
	android:name
		ADDED from Mantoto-AndroidStudio\Mantoto4Android\AndroidManifest.xml:179:13-61
intent-filter#org.agoo.android.intent.action.RECEIVE
ADDED from Mantoto-AndroidStudio\Mantoto4Android\AndroidManifest.xml:182:13-184:29
action#org.agoo.android.intent.action.RECEIVE
ADDED from Mantoto-AndroidStudio\Mantoto4Android\AndroidManifest.xml:183:17-81
	android:name
		ADDED from Mantoto-AndroidStudio\Mantoto4Android\AndroidManifest.xml:183:25-78
receiver#com.umeng.message.ElectionReceiver
ADDED from Mantoto-AndroidStudio\Mantoto4Android\AndroidManifest.xml:188:9-196:20
	android:process
		ADDED from Mantoto-AndroidStudio\Mantoto4Android\AndroidManifest.xml:190:13-36
	android:name
		ADDED from Mantoto-AndroidStudio\Mantoto4Android\AndroidManifest.xml:189:13-62
intent-filter#org.agoo.android.intent.action.ELECTION_RESULT_V4+umeng
ADDED from Mantoto-AndroidStudio\Mantoto4Android\AndroidManifest.xml:191:13-195:29
action#org.agoo.android.intent.action.ELECTION_RESULT_V4
ADDED from Mantoto-AndroidStudio\Mantoto4Android\AndroidManifest.xml:192:17-92
	android:name
		ADDED from Mantoto-AndroidStudio\Mantoto4Android\AndroidManifest.xml:192:25-89
category#umeng
ADDED from Mantoto-AndroidStudio\Mantoto4Android\AndroidManifest.xml:194:17-50
	android:name
		ADDED from Mantoto-AndroidStudio\Mantoto4Android\AndroidManifest.xml:194:27-47
receiver#com.umeng.message.RegistrationReceiver
ADDED from Mantoto-AndroidStudio\Mantoto4Android\AndroidManifest.xml:199:9-205:20
	android:exported
		ADDED from Mantoto-AndroidStudio\Mantoto4Android\AndroidManifest.xml:201:13-37
	android:name
		ADDED from Mantoto-AndroidStudio\Mantoto4Android\AndroidManifest.xml:200:13-66
intent-filter#com.mantoto.property.intent.action.COMMAND
ADDED from Mantoto-AndroidStudio\Mantoto4Android\AndroidManifest.xml:202:13-204:29
action#com.mantoto.property.intent.action.COMMAND
ADDED from Mantoto-AndroidStudio\Mantoto4Android\AndroidManifest.xml:203:17-85
	android:name
		ADDED from Mantoto-AndroidStudio\Mantoto4Android\AndroidManifest.xml:203:25-82
receiver#com.umeng.message.UmengMessageBootReceiver
ADDED from Mantoto-AndroidStudio\Mantoto4Android\AndroidManifest.xml:206:9-210:20
	android:name
		ADDED from Mantoto-AndroidStudio\Mantoto4Android\AndroidManifest.xml:206:19-76
service#com.umeng.message.UmengService
ADDED from Mantoto-AndroidStudio\Mantoto4Android\AndroidManifest.xml:212:9-228:19
	android:process
		ADDED from Mantoto-AndroidStudio\Mantoto4Android\AndroidManifest.xml:216:13-36
	android:label
		ADDED from Mantoto-AndroidStudio\Mantoto4Android\AndroidManifest.xml:215:13-40
	android:exported
		ADDED from Mantoto-AndroidStudio\Mantoto4Android\AndroidManifest.xml:214:13-36
	android:name
		ADDED from Mantoto-AndroidStudio\Mantoto4Android\AndroidManifest.xml:213:13-58
intent-filter#com.mantoto.property.intent.action.START
ADDED from Mantoto-AndroidStudio\Mantoto4Android\AndroidManifest.xml:217:13-219:29
action#com.mantoto.property.intent.action.START
ADDED from Mantoto-AndroidStudio\Mantoto4Android\AndroidManifest.xml:218:17-83
	android:name
		ADDED from Mantoto-AndroidStudio\Mantoto4Android\AndroidManifest.xml:218:25-80
intent-filter#com.mantoto.property.intent.action.COCKROACH
ADDED from Mantoto-AndroidStudio\Mantoto4Android\AndroidManifest.xml:220:13-222:29
action#com.mantoto.property.intent.action.COCKROACH
ADDED from Mantoto-AndroidStudio\Mantoto4Android\AndroidManifest.xml:221:17-87
	android:name
		ADDED from Mantoto-AndroidStudio\Mantoto4Android\AndroidManifest.xml:221:25-84
intent-filter#org.agoo.android.intent.action.PING_V4+umeng
ADDED from Mantoto-AndroidStudio\Mantoto4Android\AndroidManifest.xml:223:13-227:29
action#org.agoo.android.intent.action.PING_V4
ADDED from Mantoto-AndroidStudio\Mantoto4Android\AndroidManifest.xml:224:17-81
	android:name
		ADDED from Mantoto-AndroidStudio\Mantoto4Android\AndroidManifest.xml:224:25-78
service#com.umeng.message.UmengIntentService
ADDED from Mantoto-AndroidStudio\Mantoto4Android\AndroidManifest.xml:231:9-233:39
	android:process
		ADDED from Mantoto-AndroidStudio\Mantoto4Android\AndroidManifest.xml:233:13-36
	android:name
		ADDED from Mantoto-AndroidStudio\Mantoto4Android\AndroidManifest.xml:232:13-64
service#com.wuxianyingke.property.service.MyService
ADDED from Mantoto-AndroidStudio\Mantoto4Android\AndroidManifest.xml:236:9-79
	android:name
		ADDED from Mantoto-AndroidStudio\Mantoto4Android\AndroidManifest.xml:236:18-76
service#com.umeng.message.UmengMessageIntentReceiverService
ADDED from Mantoto-AndroidStudio\Mantoto4Android\AndroidManifest.xml:237:9-247:19
	android:process
		ADDED from Mantoto-AndroidStudio\Mantoto4Android\AndroidManifest.xml:240:13-36
	android:exported
		ADDED from Mantoto-AndroidStudio\Mantoto4Android\AndroidManifest.xml:239:13-36
	android:name
		ADDED from Mantoto-AndroidStudio\Mantoto4Android\AndroidManifest.xml:238:13-79
intent-filter#org.android.agoo.client.MessageReceiverService
ADDED from Mantoto-AndroidStudio\Mantoto4Android\AndroidManifest.xml:241:13-243:29
action#org.android.agoo.client.MessageReceiverService
ADDED from Mantoto-AndroidStudio\Mantoto4Android\AndroidManifest.xml:242:17-89
	android:name
		ADDED from Mantoto-AndroidStudio\Mantoto4Android\AndroidManifest.xml:242:25-86
intent-filter#org.android.agoo.client.ElectionReceiverService
ADDED from Mantoto-AndroidStudio\Mantoto4Android\AndroidManifest.xml:244:13-246:29
action#org.android.agoo.client.ElectionReceiverService
ADDED from Mantoto-AndroidStudio\Mantoto4Android\AndroidManifest.xml:245:17-90
	android:name
		ADDED from Mantoto-AndroidStudio\Mantoto4Android\AndroidManifest.xml:245:25-87
service#com.umeng.message.UmengMessageCallbackHandlerService
ADDED from Mantoto-AndroidStudio\Mantoto4Android\AndroidManifest.xml:250:9-265:19
	android:exported
		ADDED from Mantoto-AndroidStudio\Mantoto4Android\AndroidManifest.xml:252:13-37
	android:name
		ADDED from Mantoto-AndroidStudio\Mantoto4Android\AndroidManifest.xml:251:13-80
intent-filter#com.umeng.messge.registercallback.action
ADDED from Mantoto-AndroidStudio\Mantoto4Android\AndroidManifest.xml:253:13-255:29
action#com.umeng.messge.registercallback.action
ADDED from Mantoto-AndroidStudio\Mantoto4Android\AndroidManifest.xml:254:17-83
	android:name
		ADDED from Mantoto-AndroidStudio\Mantoto4Android\AndroidManifest.xml:254:25-80
intent-filter#com.umeng.message.unregistercallback.action
ADDED from Mantoto-AndroidStudio\Mantoto4Android\AndroidManifest.xml:256:13-258:29
action#com.umeng.message.unregistercallback.action
ADDED from Mantoto-AndroidStudio\Mantoto4Android\AndroidManifest.xml:257:17-86
	android:name